08:03:29.932 [INFO] Clearing PowerShell module cache
08:03:29.933 [SUCCESS] Module analysis cache cleared
08:03:29.934 [INFO] Testing PMC Terminal environment
08:03:29.935 [SUCCESS] Environment validation passed
08:03:29.936 [INFO] Reading main manifest: PMCTerminal.psd1
08:03:29.937 [INFO] Loading required modules manually...
08:03:29.938 [INFO] Loading dependency: .\modules\tui-engine.psd1
08:03:29.940 [SUCCESS] Successfully loaded: .\modules\tui-engine.psd1
08:03:29.941 [INFO] Loading dependency: .\screens\dashboard-screen.psd1
08:03:29.955 [ERROR] Failed to load dependency: .\screens\dashboard-screen.psd1 - The running command stopped because the preference variable "ErrorActionPreference" or common parameter is set to Stop: At C:\Users\jhnhe\Documents\GitHub\_XP\screens\dashboard-screen.psm1:16 char:25
+ class DashboardScreen : UIElement {
+                         ~~~~~~~~~
Unable to find type [UIElement].

At C:\Users\jhnhe\Documents\GitHub\_XP\screens\dashboard-screen.psm1:19 char:6
+     [Panel] $MainPanel
+      ~~~~~
Unable to find type [Panel].

At C:\Users\jhnhe\Documents\GitHub\_XP\screens\dashboard-screen.psm1:20 char:6
+     [Panel] $SummaryPanel
+      ~~~~~
Unable to find type [Panel].

At C:\Users\jhnhe\Documents\GitHub\_XP\screens\dashboard-screen.psm1:21 char:6
+     [Panel] $MenuPanel
+      ~~~~~
Unable to find type [Panel].

At C:\Users\jhnhe\Documents\GitHub\_XP\screens\dashboard-screen.psm1:22 char:6
+     [Panel] $StatusPanel
+      ~~~~~
Unable to find type [Panel].

At C:\Users\jhnhe\Documents\GitHub\_XP\screens\dashboard-screen.psm1:23 char:6
+     [NavigationMenu] $MainMenu
+      ~~~~~~~~~~~~~~
Unable to find type [NavigationMenu].

At C:\Users\jhnhe\Documents\GitHub\_XP\screens\dashboard-screen.psm1:24 char:38
+     [System.Collections.Generic.List[UIElement]] $Components
+                                      ~~~~~~~~~
Unable to find type [UIElement].

At C:\Users\jhnhe\Documents\GitHub\_XP\screens\dashboard-screen.psm1:36 char:61
+ … $this.Components = [System.Collections.Generic.List[UIElement]]::new( …
+                                                       ~~~~~~~~~
Unable to find type [UIElement].

At C:\Users\jhnhe\Documents\GitHub\_XP\screens\dashboard-screen.psm1:49 char:32
+             $this.MainPanel = [Panel]::new(0, 0, $this.Width, $this.H …
+                                ~~~~~
Unable to find type [Panel].

At C:\Users\jhnhe\Documents\GitHub\_XP\screens\dashboard-screen.psm1:59 char:35
+             $this.SummaryPanel = [Panel]::new(2, 2, 45, 12, "Task Sum …
+                                   ~~~~~
Unable to find type [Panel].

Not all parse errors were reported.  Correct the reported errors and try again.
08:03:29.959 [ERROR] CRITICAL ERROR: The running command stopped because the preference variable "ErrorActionPreference" or common parameter is set to Stop: At C:\Users\jhnhe\Documents\GitHub\_XP\screens\dashboard-screen.psm1:16 char:25
+ class DashboardScreen : UIElement {
+                         ~~~~~~~~~
Unable to find type [UIElement].

At C:\Users\jhnhe\Documents\GitHub\_XP\screens\dashboard-screen.psm1:19 char:6
+     [Panel] $MainPanel
+      ~~~~~
Unable to find type [Panel].

At C:\Users\jhnhe\Documents\GitHub\_XP\screens\dashboard-screen.psm1:20 char:6
+     [Panel] $SummaryPanel
+      ~~~~~
Unable to find type [Panel].

At C:\Users\jhnhe\Documents\GitHub\_XP\screens\dashboard-screen.psm1:21 char:6
+     [Panel] $MenuPanel
+      ~~~~~
Unable to find type [Panel].

At C:\Users\jhnhe\Documents\GitHub\_XP\screens\dashboard-screen.psm1:22 char:6
+     [Panel] $StatusPanel
+      ~~~~~
Unable to find type [Panel].

At C:\Users\jhnhe\Documents\GitHub\_XP\screens\dashboard-screen.psm1:23 char:6
+     [NavigationMenu] $MainMenu
+      ~~~~~~~~~~~~~~
Unable to find type [NavigationMenu].

At C:\Users\jhnhe\Documents\GitHub\_XP\screens\dashboard-screen.psm1:24 char:38
+     [System.Collections.Generic.List[UIElement]] $Components
+                                      ~~~~~~~~~
Unable to find type [UIElement].

At C:\Users\jhnhe\Documents\GitHub\_XP\screens\dashboard-screen.psm1:36 char:61
+ … $this.Components = [System.Collections.Generic.List[UIElement]]::new( …
+                                                       ~~~~~~~~~
Unable to find type [UIElement].

At C:\Users\jhnhe\Documents\GitHub\_XP\screens\dashboard-screen.psm1:49 char:32
+             $this.MainPanel = [Panel]::new(0, 0, $this.Width, $this.H …
+                                ~~~~~
Unable to find type [Panel].

At C:\Users\jhnhe\Documents\GitHub\_XP\screens\dashboard-screen.psm1:59 char:35
+             $this.SummaryPanel = [Panel]::new(2, 2, 45, 12, "Task Sum …
+                                   ~~~~~
Unable to find type [Panel].

Not all parse errors were reported.  Correct the reported errors and try again.
08:03:29.962 [ERROR] Full exception details:
08:03:29.963 [ERROR] System.Management.Automation.ActionPreferenceStopException: The running command stopped because the preference variable "ErrorActionPreference" or common parameter is set to Stop: At C:\Users\jhnhe\Documents\GitHub\_XP\screens\dashboard-screen.psm1:16 char:25
+ class DashboardScreen : UIElement {
+                         ~~~~~~~~~
Unable to find type [UIElement].

At C:\Users\jhnhe\Documents\GitHub\_XP\screens\dashboard-screen.psm1:19 char:6
+     [Panel] $MainPanel
+      ~~~~~
Unable to find type [Panel].

At C:\Users\jhnhe\Documents\GitHub\_XP\screens\dashboard-screen.psm1:20 char:6
+     [Panel] $SummaryPanel
+      ~~~~~
Unable to find type [Panel].

At C:\Users\jhnhe\Documents\GitHub\_XP\screens\dashboard-screen.psm1:21 char:6
+     [Panel] $MenuPanel
+      ~~~~~
Unable to find type [Panel].

At C:\Users\jhnhe\Documents\GitHub\_XP\screens\dashboard-screen.psm1:22 char:6
+     [Panel] $StatusPanel
+      ~~~~~
Unable to find type [Panel].

At C:\Users\jhnhe\Documents\GitHub\_XP\screens\dashboard-screen.psm1:23 char:6
+     [NavigationMenu] $MainMenu
+      ~~~~~~~~~~~~~~
Unable to find type [NavigationMenu].

At C:\Users\jhnhe\Documents\GitHub\_XP\screens\dashboard-screen.psm1:24 char:38
+     [System.Collections.Generic.List[UIElement]] $Components
+                                      ~~~~~~~~~
Unable to find type [UIElement].

At C:\Users\jhnhe\Documents\GitHub\_XP\screens\dashboard-screen.psm1:36 char:61
+ … $this.Components = [System.Collections.Generic.List[UIElement]]::new( …
+                                                       ~~~~~~~~~
Unable to find type [UIElement].

At C:\Users\jhnhe\Documents\GitHub\_XP\screens\dashboard-screen.psm1:49 char:32
+             $this.MainPanel = [Panel]::new(0, 0, $this.Width, $this.H …
+                                ~~~~~
Unable to find type [Panel].

At C:\Users\jhnhe\Documents\GitHub\_XP\screens\dashboard-screen.psm1:59 char:35
+             $this.SummaryPanel = [Panel]::new(2, 2, 45, 12, "Task Sum …
+                                   ~~~~~
Unable to find type [Panel].

Not all parse errors were reported.  Correct the reported errors and try again.
   at System.Management.Automation.ExceptionHandlingOps.CheckActionPreference(FunctionContext funcContext, Exception exception)
   at System.Management.Automation.Interpreter.ActionCallInstruction`2.Run(InterpretedFrame frame)
   at System.Management.Automation.Interpreter.EnterTryCatchFinallyInstruction.Run(InterpretedFrame frame)
   at System.Management.Automation.Interpreter.EnterTryCatchFinallyInstruction.Run(InterpretedFrame frame)
