07:42:52.744 [INFO] Clearing PowerShell module cache
07:42:52.746 [SUCCESS] Module analysis cache cleared
07:42:52.747 [INFO] Testing PMC Terminal environment
07:42:52.748 [SUCCESS] Environment validation passed
07:42:52.749 [INFO] Validating main manifest: PMCTerminal.psd1
07:42:52.760 [SUCCESS] Manifest validated: PMCTerminal.psd1
07:42:52.763 [INFO] Main manifest dependencies:
07:42:52.765 [SUCCESS] Manifest validated: PMCTerminal.psd1
07:42:52.765 [INFO] Found dependency: .\modules\tui-engine.psd1 for PMCTerminal.psd1
07:42:52.766 [INFO] Found dependency: .\screens\dashboard-screen.psd1 for PMCTerminal.psd1
07:42:52.767 [INFO] Found dependency: .\screens\tasks-screen.psd1 for PMCTerminal.psd1
07:42:52.768 [INFO] Found dependency: .\services\navigation-service-class.psd1 for PMCTerminal.psd1
07:42:52.769 [INFO] Found dependency: .\modules\data-manager.psd1 for PMCTerminal.psd1
07:42:52.770 [INFO]   -> .\modules\tui-engine.psd1
07:42:52.771 [INFO]   -> .\screens\dashboard-screen.psd1
07:42:52.771 [INFO]   -> .\screens\tasks-screen.psd1
07:42:52.772 [INFO]   -> .\services\navigation-service-class.psd1
07:42:52.773 [INFO]   -> .\modules\data-manager.psd1
07:42:52.773 [INFO] Importing main PMC Terminal module
07:42:52.776 [INFO] Attempting to import: .\PMCTerminal.psd1
07:42:52.779 [ERROR] Manifest validation failed:  - Cannot validate argument on parameter 'Path'. The argument is null, empty, or an element of the argument collection contains a null value. Supply a collection that does not contain any null values and then try the command again.
07:42:52.782 [ERROR] FAILED to import: .\PMCTerminal.psd1
07:42:52.782 [ERROR] Error: The required module 'C:\Users\jhnhe\Documents\GitHub\_XP\modules\tui-engine.psd1' is not loaded. Load the module or remove the module from 'RequiredModules' in the file 'C:\Users\jhnhe\Documents\GitHub\_XP\PMCTerminal.psd1'.
07:42:52.783 [ERROR] Stack trace: at Import-PMCModuleWithDebugging, C:\Users\jhnhe\Documents\GitHub\_XP\axiom.ps1: line 123
at <ScriptBlock>, C:\Users\jhnhe\Documents\GitHub\_XP\axiom.ps1: line 246
at <ScriptBlock>, <No file>: line 1
07:42:52.784 [ERROR] CRITICAL ERROR: The required module 'C:\Users\jhnhe\Documents\GitHub\_XP\modules\tui-engine.psd1' is not loaded. Load the module or remove the module from 'RequiredModules' in the file 'C:\Users\jhnhe\Documents\GitHub\_XP\PMCTerminal.psd1'.
07:42:52.785 [ERROR] Full exception details:
07:42:52.786 [ERROR] System.MissingMemberException: The required module 'C:\Users\jhnhe\Documents\GitHub\_XP\modules\tui-engine.psd1' is not loaded. Load the module or remove the module from 'RequiredModules' in the file 'C:\Users\jhnhe\Documents\GitHub\_XP\PMCTerminal.psd1'.
