
=== ENGINE START - 2025-07-11 14:52:19.622 ===
[14:52:19.626] Setting up DeferredActions queue...
[14:52:19.634] DeferredActions queue created: True
[14:52:19.642] EventManager found, registering DeferredAction handler...
[14:52:19.651] DeferredAction handler registered!

=== ENGINE START - 2025-07-11 14:53:38.547 ===
[14:53:38.562] Setting up DeferredActions queue...
[14:53:38.571] DeferredActions queue created: True
[14:53:38.581] EventManager found, registering DeferredAction handler...
[14:53:38.592] DeferredAction handler registered!

=== ENGINE START - 2025-07-11 15:01:08.093 ===
[15:01:08.107] Setting up DeferredActions queue...
[15:01:08.115] DeferredActions queue created: True
[15:01:08.125] EventManager found, registering DeferredAction handler...
[15:01:08.136] DeferredAction handler registered!

=== ENGINE START - 2025-07-11 15:01:45.479 ===
[15:01:45.486] Setting up DeferredActions queue...
[15:01:45.492] DeferredActions queue created: True
[15:01:45.498] EventManager found, registering DeferredAction handler...
[15:01:45.504] DeferredAction handler registered!

=== ENGINE START - 2025-07-11 15:22:41.253 ===
[15:22:41.261] Setting up DeferredActions queue...
[15:22:41.269] DeferredActions queue created: True
[15:22:41.279] EventManager found, registering DeferredAction handler...
[15:22:41.291] DeferredAction handler registered!

=== ENGINE START - 2025-07-11 15:34:06.644 ===
[15:34:06.645] Setting up DeferredActions queue...
[15:34:06.654] DeferredActions queue created: True
[15:34:06.661] EventManager found, registering DeferredAction handler...
[15:34:06.670] DeferredAction handler registered!

=== ENGINE START - 2025-07-11 15:35:26.264 ===
[15:35:26.277] Setting up DeferredActions queue...
[15:35:26.287] DeferredActions queue created: True
[15:35:26.297] EventManager found, registering DeferredAction handler...
[15:35:26.307] DeferredAction handler registered!

=== ENGINE START - 2025-07-11 20:06:07.435 ===
[20:06:07.440] Setting up DeferredActions queue...
[20:06:07.450] DeferredActions queue created: True
[20:06:07.459] EventManager found, registering DeferredAction handler...
[20:06:07.471] DeferredAction handler registered!
